<?xml version="1.0" encoding="UTF-8"?>
<!-- Generated by org.testng.reporters.JUnitReportReporter -->
<testsuite hostname="DESKTOP-IT7ALNU" failures="0" tests="1" name="com.learning.selenium.TestNGProject.ParalellExecution2" time="21.054" errors="0" timestamp="2024-04-19T23:57:10 IST" skipped="0">
  <testcase classname="com.learning.selenium.TestNGProject.ParalellExecution2" name="startFirefox" time="21.054"/>
  <system-out/>
</testsuite> <!-- com.learning.selenium.TestNGProject.ParalellExecution2 -->
