<?xml version="1.0" encoding="UTF-8"?>
<!-- Generated by org.testng.reporters.JUnitReportReporter -->
<testsuite hostname="DESKTOP-IT7ALNU" failures="0" tests="3" name="com.learning.selenium.TestNGParams.DataProviderDemo" time="0.010" errors="0" timestamp="2024-04-19T23:16:40 IST" skipped="0">
  <testcase classname="com.learning.selenium.TestNGParams.DataProviderDemo" name="getData" time="0.002"/>
  <system-out/>
  <testcase classname="com.learning.selenium.TestNGParams.DataProviderDemo" name="getData" time="0.001"/>
  <system-out/>
  <testcase classname="com.learning.selenium.TestNGParams.DataProviderDemo" name="getData" time="0.007"/>
  <system-out/>
</testsuite> <!-- com.learning.selenium.TestNGParams.DataProviderDemo -->
