<?xml version="1.0" encoding="UTF-8"?>
<!-- Generated by org.testng.reporters.JUnitReportReporter -->
<testsuite hostname="DESKTOP-IT7ALNU" failures="0" tests="2" name="com.learning.selenium.TestNGProject.day2" time="0.006" errors="0" timestamp="2024-04-19T23:33:20 IST" skipped="0">
  <testcase classname="com.learning.selenium.TestNGProject.day2" name="clearCarLoan" time="0.003"/>
  <system-out/>
  <testcase classname="com.learning.selenium.TestNGProject.day2" name="getCarLoan" time="0.003"/>
  <system-out/>
</testsuite> <!-- com.learning.selenium.TestNGProject.day2 -->
