<?xml version="1.0" encoding="UTF-8"?>
<!-- Generated by org.testng.reporters.JUnitReportReporter -->
<testsuite hostname="DESKTOP-IT7ALNU" failures="0" tests="2" name="com.learning.selenium.TestNGProject.day3" time="0.002" errors="0" timestamp="2024-04-19T23:33:20 IST" skipped="1">
  <testcase classname="com.learning.selenium.TestNGProject.day3" name="clearHomeLoan" time="0.002"/>
  <system-out/>
  <testcase classname="com.learning.selenium.TestNGProject.day3" name="getHomeLoan">
    <skipped/>
  </testcase> <!-- getHomeLoan -->
  <system-out/>
</testsuite> <!-- com.learning.selenium.TestNGProject.day3 -->
