<?xml version="1.0" encoding="UTF-8"?>
<!-- Generated by org.testng.reporters.JUnitReportReporter -->
<testsuite hostname="DESKTOP-IT7ALNU" failures="0" tests="1" name="com.learning.selenium.TestNGParams.ParametersDemo" time="0.008" errors="0" timestamp="2024-04-19T23:13:33 IST" skipped="0">
  <testcase classname="com.learning.selenium.TestNGParams.ParametersDemo" name="paramsTest" time="0.008"/>
  <system-out/>
</testsuite> <!-- com.learning.selenium.TestNGParams.ParametersDemo -->
