<?xml version="1.0" encoding="UTF-8"?>
<!-- Generated by org.testng.reporters.JUnitReportReporter -->
<testsuite hostname="DESKTOP-IT7ALNU" failures="0" tests="1" name="com.learning.selenium.SeleniumProject.ExtentReportsDemo" time="12.322" errors="0" timestamp="2024-04-25T08:22:05 IST" skipped="0">
  <testcase classname="com.learning.selenium.SeleniumProject.ExtentReportsDemo" name="intialDemo" time="12.322"/>
  <system-out/>
</testsuite> <!-- com.learning.selenium.SeleniumProject.ExtentReportsDemo -->
