<?xml version="1.0" encoding="UTF-8"?>
<!-- Generated by org.testng.reporters.JUnitReportReporter -->
<testsuite hostname="DESKTOP-IT7ALNU" failures="0" tests="1" name="com.learning.selenium.TestNGProject.day4" time="0.004" errors="0" timestamp="2024-12-17T17:19:04 GMT-05:00" skipped="0">
  <testcase classname="com.learning.selenium.TestNGProject.day4" name="clearPersonalLoan" time="0.004"/>
</testsuite> <!-- com.learning.selenium.TestNGProject.day4 -->
