<?xml version="1.0" encoding="UTF-8"?>
<!-- Generated by org.testng.reporters.JUnitReportReporter -->
<testsuite hostname="DESKTOP-IT7ALNU" failures="0" tests="4" name="com.learning.selenium.SeleniumProject.AppTest" time="0.011" errors="0" timestamp="2024-12-17T17:19:34 GMT-05:00" skipped="0">
  <testcase classname="com.learning.selenium.SeleniumProject.AppTest" name="methodInterceptorTest" time="0.001"/>
  <testcase classname="com.learning.selenium.SeleniumProject.AppTest" name="methodInterceptorTest" time="0.001"/>
  <testcase classname="com.learning.selenium.SeleniumProject.AppTest" name="methodInterceptorTest" time="0.001"/>
  <testcase classname="com.learning.selenium.SeleniumProject.AppTest" name="methodInterceptorRetryTest" time="0.008"/>
</testsuite> <!-- com.learning.selenium.SeleniumProject.AppTest -->
