<?xml version="1.0" encoding="UTF-8"?>
<!-- Generated by org.testng.reporters.JUnitReportReporter -->
<testsuite hostname="DESKTOP-IT7ALNU" failures="0" tests="2" name="com.learning.selenium.TestNGProject.day1" time="0.002" errors="0" timestamp="2024-12-17T17:19:05 GMT-05:00" skipped="0">
  <testcase classname="com.learning.selenium.TestNGProject.day1" name="clearGadgetsLoan" time="0.001"/>
  <testcase classname="com.learning.selenium.TestNGProject.day1" name="getGadgetsLoan" time="0.001"/>
</testsuite> <!-- com.learning.selenium.TestNGProject.day1 -->
